# JRE version: Java(TM) SE Runtime Environment (21.0.6+8) (build 21.0.6+8-LTS-188)
# Java VM: Java HotSpot(TM) 64-Bit Server VM (21.0.6+8-LTS-188, mixed mode, sharing, tiered, compressed oops, compressed class ptrs, g1 gc, windows-amd64)
GC Precious Log:
 CardTable entry size: 512
 Card Set container configuration: InlinePtr #cards 5 size 8 Array Of Cards #cards 12 size 40 Howl #buckets 4 coarsen threshold 1843 Howl Bitmap #cards 512 size 80 coarsen threshold 460 Card regions per heap region 1 cards per card region 2048
 CPUs: 8 total, 8 available
 Memory: 7969M
 Large Page Support: Disabled
 NUMA Support: Disabled
 Compressed Oops: Enabled (32-bit)
 Heap Region Size: 1M
 Heap Min Capacity: 8M
 Heap Initial Capacity: 126M
 Heap Max Capacity: 1994M
 Pre-touch: Disabled
 Parallel Workers: 8
 Concurrent Workers: 2
 Concurrent Refinement Workers: 8
 Periodic GC: Disabled
Heap:
 garbage-first heap   total 68608K, used 41287K [0x0000000083600000, 0x0000000100000000)
  region size 1024K, 10 young (10240K), 4 survivors (4096K)
 Metaspace       used 64490K, committed 65344K, reserved 1114112K
  class space    used 8312K, committed 8704K, reserved 1048576K
GC Heap History (20 events):
Event: 7.992 GC heap before
{Heap before GC invocations=9 (full 0):
 garbage-first heap   total 51200K, used 40295K [0x0000000083600000, 0x0000000100000000)
  region size 1024K, 21 young (21504K), 2 survivors (2048K)
 Metaspace       used 35395K, committed 35968K, reserved 1114112K
  class space    used 4449K, committed 4736K, reserved 1048576K
}
Event: 7.998 GC heap after
{Heap after GC invocations=10 (full 0):
 garbage-first heap   total 51200K, used 23288K [0x0000000083600000, 0x0000000100000000)
  region size 1024K, 3 young (3072K), 3 survivors (3072K)
 Metaspace       used 35395K, committed 35968K, reserved 1114112K
  class space    used 4449K, committed 4736K, reserved 1048576K
}
Event: 8.763 GC heap before
{Heap before GC invocations=11 (full 0):
 garbage-first heap   total 51200K, used 42744K [0x0000000083600000, 0x0000000100000000)
  region size 1024K, 23 young (23552K), 3 survivors (3072K)
 Metaspace       used 40928K, committed 41600K, reserved 1114112K
  class space    used 5180K, committed 5504K, reserved 1048576K
}
Event: 8.771 GC heap after
{Heap after GC invocations=12 (full 0):
 garbage-first heap   total 51200K, used 26599K [0x0000000083600000, 0x0000000100000000)
  region size 1024K, 3 young (3072K), 3 survivors (3072K)
 Metaspace       used 40928K, committed 41600K, reserved 1114112K
  class space    used 5180K, committed 5504K, reserved 1048576K
}
Event: 9.436 GC heap before
{Heap before GC invocations=12 (full 0):
 garbage-first heap   total 51200K, used 44007K [0x0000000083600000, 0x0000000100000000)
  region size 1024K, 20 young (20480K), 3 survivors (3072K)
 Metaspace       used 46081K, committed 46720K, reserved 1114112K
  class space    used 5865K, committed 6144K, reserved 1048576K
}
Event: 9.443 GC heap after
{Heap after GC invocations=13 (full 0):
 garbage-first heap   total 51200K, used 27643K [0x0000000083600000, 0x0000000100000000)
  region size 1024K, 3 young (3072K), 3 survivors (3072K)
 Metaspace       used 46081K, committed 46720K, reserved 1114112K
  class space    used 5865K, committed 6144K, reserved 1048576K
}
Event: 9.886 GC heap before
{Heap before GC invocations=13 (full 0):
 garbage-first heap   total 51200K, used 43003K [0x0000000083600000, 0x0000000100000000)
  region size 1024K, 19 young (19456K), 3 survivors (3072K)
 Metaspace       used 48326K, committed 49024K, reserved 1114112K
  class space    used 6139K, committed 6464K, reserved 1048576K
}
Event: 9.892 GC heap after
{Heap after GC invocations=14 (full 0):
 garbage-first heap   total 61440K, used 29321K [0x0000000083600000, 0x0000000100000000)
  region size 1024K, 2 young (2048K), 2 survivors (2048K)
 Metaspace       used 48326K, committed 49024K, reserved 1114112K
  class space    used 6139K, committed 6464K, reserved 1048576K
}
Event: 10.492 GC heap before
{Heap before GC invocations=15 (full 0):
 garbage-first heap   total 61440K, used 51849K [0x0000000083600000, 0x0000000100000000)
  region size 1024K, 25 young (25600K), 2 survivors (2048K)
 Metaspace       used 50009K, committed 50688K, reserved 1114112K
  class space    used 6399K, committed 6720K, reserved 1048576K
}
Event: 10.497 GC heap after
{Heap after GC invocations=16 (full 0):
 garbage-first heap   total 61440K, used 30271K [0x0000000083600000, 0x0000000100000000)
  region size 1024K, 3 young (3072K), 3 survivors (3072K)
 Metaspace       used 50009K, committed 50688K, reserved 1114112K
  class space    used 6399K, committed 6720K, reserved 1048576K
}
Event: 11.916 GC heap before
{Heap before GC invocations=16 (full 0):
 garbage-first heap   total 61440K, used 53823K [0x0000000083600000, 0x0000000100000000)
  region size 1024K, 26 young (26624K), 3 survivors (3072K)
 Metaspace       used 52923K, committed 53696K, reserved 1114112K
  class space    used 6834K, committed 7168K, reserved 1048576K
}
Event: 11.925 GC heap after
{Heap after GC invocations=17 (full 0):
 garbage-first heap   total 61440K, used 32532K [0x0000000083600000, 0x0000000100000000)
  region size 1024K, 4 young (4096K), 4 survivors (4096K)
 Metaspace       used 52923K, committed 53696K, reserved 1114112K
  class space    used 6834K, committed 7168K, reserved 1048576K
}
Event: 13.033 GC heap before
{Heap before GC invocations=17 (full 0):
 garbage-first heap   total 61440K, used 53012K [0x0000000083600000, 0x0000000100000000)
  region size 1024K, 24 young (24576K), 4 survivors (4096K)
 Metaspace       used 55441K, committed 56256K, reserved 1114112K
  class space    used 7198K, committed 7552K, reserved 1048576K
}
Event: 13.040 GC heap after
{Heap after GC invocations=18 (full 0):
 garbage-first heap   total 61440K, used 33831K [0x0000000083600000, 0x0000000100000000)
  region size 1024K, 2 young (2048K), 2 survivors (2048K)
 Metaspace       used 55441K, committed 56256K, reserved 1114112K
  class space    used 7198K, committed 7552K, reserved 1048576K
}
Event: 13.729 GC heap before
{Heap before GC invocations=19 (full 0):
 garbage-first heap   total 68608K, used 53287K [0x0000000083600000, 0x0000000100000000)
  region size 1024K, 22 young (22528K), 2 survivors (2048K)
 Metaspace       used 56950K, committed 57728K, reserved 1114112K
  class space    used 7393K, committed 7744K, reserved 1048576K
}
Event: 13.734 GC heap after
{Heap after GC invocations=20 (full 0):
 garbage-first heap   total 68608K, used 34357K [0x0000000083600000, 0x0000000100000000)
  region size 1024K, 3 young (3072K), 3 survivors (3072K)
 Metaspace       used 56950K, committed 57728K, reserved 1114112K
  class space    used 7393K, committed 7744K, reserved 1048576K
}
Event: 60.678 GC heap before
{Heap before GC invocations=20 (full 0):
 garbage-first heap   total 68608K, used 58933K [0x0000000083600000, 0x0000000100000000)
  region size 1024K, 28 young (28672K), 3 survivors (3072K)
 Metaspace       used 61723K, committed 62592K, reserved 1114112K
  class space    used 8018K, committed 8448K, reserved 1048576K
}
Event: 60.686 GC heap after
{Heap after GC invocations=21 (full 0):
 garbage-first heap   total 68608K, used 34793K [0x0000000083600000, 0x0000000100000000)
  region size 1024K, 4 young (4096K), 4 survivors (4096K)
 Metaspace       used 61723K, committed 62592K, reserved 1114112K
  class space    used 8018K, committed 8448K, reserved 1048576K
}
Event: 212.900 GC heap before
{Heap before GC invocations=21 (full 0):
 garbage-first heap   total 68608K, used 58345K [0x0000000083600000, 0x0000000100000000)
  region size 1024K, 28 young (28672K), 4 survivors (4096K)
 Metaspace       used 64418K, committed 65280K, reserved 1114112K
  class space    used 8313K, committed 8704K, reserved 1048576K
}
Event: 213.153 GC heap after
{Heap after GC invocations=22 (full 0):
 garbage-first heap   total 68608K, used 36167K [0x0000000083600000, 0x0000000100000000)
  region size 1024K, 4 young (4096K), 4 survivors (4096K)
 Metaspace       used 64418K, committed 65280K, reserved 1114112K
  class space    used 8313K, committed 8704K, reserved 1048576K
}

